nohup: ignoring input
2025-07-25 22:32:57 - 서버 모니터링 시작
2025-07-25 22:32:57 - 서버 응답 없음 - PM2 상태 확인 중...
./monitor.sh: line 47: jq: command not found
node:events:502
      throw er; // Unhandled 'error' event
      ^

Error: write EPIPE
    at afterWriteDispatched (node:internal/stream_base_commons:161:15)
    at writeGeneric (node:internal/stream_base_commons:152:3)
    at Socket._writeGeneric (node:net:958:11)
    at Socket._write (node:net:970:8)
    at writeOrBuffer (node:internal/streams/writable:572:12)
    at _write (node:internal/streams/writable:501:10)
    at Writable.write (node:internal/streams/writable:510:10)
    at /usr/lib/node_modules/pm2/lib/API.js:1673:24
    at /usr/lib/node_modules/pm2/node_modules/pm2-axon-rpc/lib/client.js:45:10
    at Parser.<anonymous> (/usr/lib/node_modules/pm2/node_modules/pm2-axon/lib/sockets/req.js:67:8)
Emitted 'error' event on Socket instance at:
    at emitErrorNT (node:internal/streams/destroy:169:8)
    at emitErrorCloseNT (node:internal/streams/destroy:128:3)
    at process.processTicksAndRejections (node:internal/process/task_queues:82:21) {
  errno: -32,
  code: 'EPIPE',
  syscall: 'write'
}

Node.js v20.19.1
2025-07-25 22:32:57 - PM2 프로세스 중단됨 (재시작 횟수: 5)
2025-07-25 22:32:57 - 최대 재시작 횟수 초과 - 관리자 알림 필요
