   ▲ Next.js 15.3.5
   - Local:        http://localhost:3001
   - Network:      http://0.0.0.0:3001

 ✓ Starting...
 ✓ Ready in 626ms
직원 목록 조회 오류: Error [PrismaClientInitializationError]: 
Invalid `prisma.employee.findMany()` invocation:


Authentication failed against database server, the provided database credentials for `postgres` are not valid.

Please make sure to provide valid database credentials for the database server at the configured address.
    at oF.handleRequestError (.next/server/chunks/748.js:114:8288)
    at oF.handleAndLogRequestError (.next/server/chunks/748.js:114:7049)
    at oF.request (.next/server/chunks/748.js:114:6756)
    at async s (.next/server/chunks/748.js:126:7629)
    at async l (.next/server/app/api/employees/route.js:1:357) {
  clientVersion: '6.11.1',
  errorCode: undefined
}
직원 추가 오류: Error [PrismaClientInitializationError]: 
Invalid `prisma.employee.findUnique()` invocation:


Authentication failed against database server, the provided database credentials for `postgres` are not valid.

Please make sure to provide valid database credentials for the database server at the configured address.
    at oF.handleRequestError (.next/server/chunks/748.js:114:8288)
    at oF.handleAndLogRequestError (.next/server/chunks/748.js:114:7049)
    at oF.request (.next/server/chunks/748.js:114:6756)
    at async s (.next/server/chunks/748.js:126:7629)
    at async c (.next/server/app/api/employees/route.js:1:782) {
  clientVersion: '6.11.1',
  errorCode: undefined
}
